<domain type='xen'>
  <name>XenGuest1</name>
  <uuid>c7a5fdb0-cdaf-9455-926a-d65c16db1809</uuid>
  <memory unit='KiB'>592896</memory>
  <currentMemory unit='KiB'>403456</currentMemory>
  <vcpu placement='static' current='2'>4</vcpu>
  <bootloader>/usr/bin/pygrub</bootloader>
  <os>
    <type arch='i686' machine='xenpv'>linux</type>
  </os>
  <clock offset='utc' adjustment='reset'/>
  <on_poweroff>destroy</on_poweroff>
  <on_reboot>restart</on_reboot>
  <on_crash>restart</on_crash>
  <devices>
    <disk type='block' device='disk'>
      <driver name='phy'/>
      <source dev='/dev/HostVG/XenGuest1'/>
      <target dev='xvda' bus='xen'/>
    </disk>
    <interface type='bridge'>
      <mac address='00:16:3e:66:94:9c'/>
      <source bridge='br0'/>
      <script path='vif-bridge'/>
    </interface>
    <console type='pty'>
      <target type='xen' port='0'/>
    </console>
  </devices>
</domain>
