<domain type='xen'>
  <name>test</name>
  <uuid>cc2315e7-d26a-307a-438c-6d188ec4c09c</uuid>
  <memory unit='KiB'>391168</memory>
  <currentMemory unit='KiB'>358400</currentMemory>
  <vcpu placement='static'>1</vcpu>
  <os>
    <type arch='i686' machine='xenfv'>hvm</type>
    <loader type='rom'>/usr/lib/xen/boot/hvmloader</loader>
    <boot dev='hd'/>
  </os>
  <features>
    <acpi/>
    <apic/>
    <pae/>
  </features>
  <clock offset='utc' adjustment='reset'/>
  <on_poweroff>destroy</on_poweroff>
  <on_reboot>destroy</on_reboot>
  <on_crash>destroy</on_crash>
  <devices>
    <emulator>/usr/lib/xen/bin/qemu-dm</emulator>
    <disk type='block' device='disk'>
      <driver name='phy'/>
      <source dev='/dev/sda8'/>
      <target dev='hda' bus='ide'/>
    </disk>
    <disk type='block' device='cdrom'>
      <driver name='phy'/>
      <target dev='hdc' bus='ide'/>
      <readonly/>
    </disk>
    <interface type='bridge'>
      <mac address='00:16:3e:0a:7b:39'/>
      <source bridge='xenbr0'/>
      <script path='vif-bridge'/>
      <model type='e1000'/>
    </interface>
    <serial type='pty'>
      <target port='0'/>
    </serial>
    <console type='pty'>
      <target type='serial' port='0'/>
    </console>
    <input type='mouse' bus='ps2'/>
    <input type='keyboard' bus='ps2'/>
    <graphics type='vnc' port='-1' autoport='yes'/>
  </devices>
</domain>
