<domain type='xen'>
  <name>XenGuest2</name>
  <uuid>c7a5fdb2-cdaf-9455-926a-d65c16db1809</uuid>
  <memory unit='KiB'>592896</memory>
  <currentMemory unit='KiB'>403456</currentMemory>
  <vcpu placement='static'>1</vcpu>
  <os>
    <type arch='x86_64' machine='xenfv'>hvm</type>
    <loader type='rom'>/usr/lib/xen/boot/hvmloader</loader>
    <boot dev='cdrom'/>
  </os>
  <features>
    <acpi/>
    <apic/>
    <pae/>
  </features>
  <clock offset='utc' adjustment='reset'/>
  <on_poweroff>destroy</on_poweroff>
  <on_reboot>restart</on_reboot>
  <on_crash>restart</on_crash>
  <devices>
    <emulator>/usr/lib/xen/bin/qemu-dm</emulator>
    <disk type='block' device='disk'>
      <driver name='phy' type='raw'/>
      <source dev='/dev/HostVG/XenGuest2'/>
      <target dev='hda' bus='ide'/>
    </disk>
    <disk type='file' device='disk'>
      <driver name='qemu' type='qcow2'/>
      <source file='/var/lib/libvirt/images/XenGuest2-home'/>
      <target dev='hdb' bus='ide'/>
    </disk>
    <disk type='file' device='cdrom'>
      <driver name='qemu' type='raw'/>
      <source file='/root/boot.iso'/>
      <target dev='hdc' bus='ide'/>
      <readonly/>
    </disk>
    <interface type='bridge'>
      <mac address='00:16:3e:66:92:9c'/>
      <source bridge='xenbr1'/>
      <script path='vif-bridge'/>
      <model type='e1000'/>
    </interface>
    <input type='mouse' bus='ps2'/>
    <input type='keyboard' bus='ps2'/>
    <graphics type='vnc' port='-1' autoport='yes' listen='127.0.0.1'>
      <listen type='address' address='127.0.0.1'/>
    </graphics>
  </devices>
</domain>
